<?xml version="1.0" encoding="UTF-8"?>
<!-- Generated by org.testng.reporters.JUnitReportReporter -->
<testsuite hostname="DESKTOP-MLU27AJ" failures="0" tests="1" name="runner.Runner" time="18.092" errors="0" timestamp="2024-11-29T17:43:15 GST" skipped="0">
  <testcase classname="runner.Runner" name="runScenario" time="18.092"/>
</testsuite> <!-- runner.Runner -->
