<?xml version="1.0" encoding="UTF-8"?>
<!-- Generated by org.testng.reporters.JUnitReportReporter -->
<testsuite hostname="DESKTOP-MLU27AJ" failures="0" tests="1" name="tests.ThreeTest" time="20.525" errors="0" timestamp="2024-11-29T14:02:21 GST" skipped="0">
  <testcase classname="tests.ThreeTest" name="threeTest" time="20.525"/>
</testsuite> <!-- tests.ThreeTest -->
