<?xml version="1.0" encoding="UTF-8"?>
<!-- Generated by org.testng.reporters.JUnitReportReporter -->
<testsuite hostname="DESKTOP-MLU27AJ" failures="0" tests="2" name="tests.LoginTest" time="49.203" errors="0" timestamp="2024-11-29T14:02:21 GST" skipped="0">
  <testcase classname="tests.LoginTest" name="login" time="20.904"/>
  <testcase classname="tests.LoginTest" name="login" time="28.299"/>
</testsuite> <!-- tests.LoginTest -->
