<?xml version="1.0" encoding="UTF-8"?>
<!-- Generated by org.testng.reporters.JUnitReportReporter -->
<testsuite hostname="DESKTOP-MLU27AJ" failures="0" tests="1" name="tests.ThreeTest" time="0.000" errors="0" timestamp="2024-11-27T17:10:42 GST" skipped="0">
  <testcase classname="tests.ThreeTest" name="threeTest" time="0.000"/>
</testsuite> <!-- tests.ThreeTest -->
