<?xml version="1.0" encoding="UTF-8"?>
<!-- Generated by org.testng.reporters.JUnitReportReporter -->
<testsuite hostname="DESKTOP-MLU27AJ" failures="0" tests="2" name="tests.LoginTest" time="38.545" errors="0" timestamp="2024-11-27T17:10:42 GST" skipped="0">
  <testcase classname="tests.LoginTest" name="login" time="12.688"/>
  <testcase classname="tests.LoginTest" name="login" time="25.857"/>
</testsuite> <!-- tests.LoginTest -->
