<?xml version="1.0" encoding="UTF-8"?>
<!-- Generated by org.testng.reporters.JUnitReportReporter -->
<testsuite hostname="DESKTOP-MLU27AJ" failures="0" tests="1" name="runner.Runner" time="12.567" errors="0" timestamp="2024-11-29T17:46:35 GST" skipped="0">
  <testcase classname="runner.Runner" name="runScenario" time="12.567"/>
</testsuite> <!-- runner.Runner -->
